2025-04-27 17:26:18,609 - MATILDA - INFO - Trouvé 84 bases de données à analyser
2025-04-27 17:26:18,609 - MATILDA - INFO -  - walmart-db.db (0.00 Mo)
2025-04-27 17:26:18,610 - MATILDA - INFO -  - financial-db.db (0.00 Mo)
2025-04-27 17:26:18,610 - MATILDA - INFO -  - Atherosclerosis.db (0.00 Mo)
2025-04-27 17:26:18,610 - MATILDA - INFO -  - trains.db (0.02 Mo)
2025-04-27 17:26:18,610 - MATILDA - INFO -  - Pyrimidine.db (0.04 Mo)
2025-04-27 17:26:18,610 - MATILDA - INFO -  - KRK.db (0.05 Mo)
2025-04-27 17:26:18,610 - MATILDA - INFO -  - UW_std.db (0.07 Mo)
2025-04-27 17:26:18,610 - MATILDA - INFO -  - university.db (0.09 Mo)
2025-04-27 17:26:18,610 - MATILDA - INFO -  - cs.db (0.12 Mo)
2025-04-27 17:26:18,610 - MATILDA - INFO -  - NBA.db (0.13 Mo)
2025-04-27 17:26:18,611 - MATILDA - INFO -  - UTube.db (0.13 Mo)
2025-04-27 17:26:18,611 - MATILDA - INFO -  - Triazine.db (0.16 Mo)
2025-04-27 17:26:18,611 - MATILDA - INFO -  - Bupa3.db (0.16 Mo)
2025-04-27 17:26:18,611 - MATILDA - INFO -  - Bupa4.db (0.16 Mo)
2025-04-27 17:26:18,611 - MATILDA - INFO -  - Same_gen.db (0.17 Mo)
2025-04-27 17:26:18,611 - MATILDA - INFO -  - CraftBeer.db (0.20 Mo)
2025-04-27 17:26:18,611 - MATILDA - INFO -  - Chess.db (0.22 Mo)
2025-04-27 17:26:18,611 - MATILDA - INFO -  - DCG.db (0.23 Mo)
2025-04-27 17:26:18,611 - MATILDA - INFO -  - MuskSmall.db (0.24 Mo)
2025-04-27 17:26:18,611 - MATILDA - INFO -  - Elti.db (0.26 Mo)
2025-04-27 17:26:18,611 - MATILDA - INFO -  - Dunur.db (0.29 Mo)
2025-04-27 17:26:18,612 - MATILDA - INFO -  - world.db (0.30 Mo)
2025-04-27 17:26:18,612 - MATILDA - INFO -  - Dallas.db (0.34 Mo)
2025-04-27 17:26:18,612 - MATILDA - INFO -  - Bupa2.db (0.34 Mo)
2025-04-27 17:26:18,612 - MATILDA - INFO -  - Bupa.db (0.34 Mo)
2025-04-27 17:26:18,612 - MATILDA - INFO -  - classicmodels.db (0.38 Mo)
2025-04-27 17:26:18,612 - MATILDA - INFO -  - Mesh.db (0.41 Mo)
2025-04-27 17:26:18,612 - MATILDA - INFO -  - Pima.db (0.43 Mo)
2025-04-27 17:26:18,612 - MATILDA - INFO -  - northwind.db (0.51 Mo)
2025-04-27 17:26:18,612 - MATILDA - INFO -  - Student_loan.db (0.52 Mo)
2025-04-27 17:26:18,612 - MATILDA - INFO -  - Facebook.db (0.53 Mo)
2025-04-27 17:26:18,613 - MATILDA - INFO -  - mutagenesis.db (0.70 Mo)
2025-04-27 17:26:18,613 - MATILDA - INFO -  - nations.db (0.76 Mo)
2025-04-27 17:26:18,613 - MATILDA - INFO -  - Basketball_women.db (0.78 Mo)
2025-04-27 17:26:18,613 - MATILDA - INFO -  - genes.db (0.79 Mo)
2025-04-27 17:26:18,613 - MATILDA - INFO -  - Hepatitis_std.db (1.04 Mo)
2025-04-27 17:26:18,613 - MATILDA - INFO -  - Mooney_Family.db (1.11 Mo)
2025-04-27 17:26:18,613 - MATILDA - INFO -  - restbase.db (1.35 Mo)
2025-04-27 17:26:18,613 - MATILDA - INFO -  - SAT.db (1.46 Mo)
2025-04-27 17:26:18,613 - MATILDA - INFO -  - Biodegradability.db (1.63 Mo)
2025-04-27 17:26:18,613 - MATILDA - INFO -  - Carcinogenesis.db (1.94 Mo)
2025-04-27 17:26:18,614 - MATILDA - INFO -  - Mondial.db (2.19 Mo)
2025-04-27 17:26:18,614 - MATILDA - INFO -  - voc.db (2.24 Mo)
2025-04-27 17:26:18,614 - MATILDA - INFO -  - medical.db (2.44 Mo)
2025-04-27 17:26:18,614 - MATILDA - INFO -  - CORA.db (2.84 Mo)
2025-04-27 17:26:18,614 - MATILDA - INFO -  - PTE.db (2.87 Mo)
2025-04-27 17:26:18,614 - MATILDA - INFO -  - PremierLeague.db (3.53 Mo)
2025-04-27 17:26:18,614 - MATILDA - INFO -  - Toxicology.db (4.49 Mo)
2025-04-27 17:26:18,614 - MATILDA - INFO -  - SFScores.db (5.43 Mo)
2025-04-27 17:26:18,614 - MATILDA - INFO -  - Shakespeare.db (6.36 Mo)
2025-04-27 17:26:18,614 - MATILDA - INFO -  - Basketball_men.db (6.75 Mo)
2025-04-27 17:26:18,615 - MATILDA - INFO -  - ftp.db (7.03 Mo)
2025-04-27 17:26:18,615 - MATILDA - INFO -  - CiteSeer.db (7.11 Mo)
2025-04-27 17:26:18,615 - MATILDA - INFO -  - Countries.db (7.42 Mo)
2025-04-27 17:26:18,615 - MATILDA - INFO -  - CDESchools.db (10.62 Mo)
2025-04-27 17:26:18,615 - MATILDA - INFO -  - GOSales.db (11.52 Mo)
2025-04-27 17:26:18,615 - MATILDA - INFO -  - WebKP.db (15.02 Mo)
2025-04-27 17:26:18,615 - MATILDA - INFO -  - Hockey.db (15.57 Mo)
2025-04-27 17:26:18,616 - MATILDA - INFO -  - NCAA.db (18.87 Mo)
2025-04-27 17:26:18,616 - MATILDA - INFO -  - geneea.db (32.88 Mo)
2025-04-27 17:26:18,616 - MATILDA - INFO -  - ErgastF1.db (33.21 Mo)
2025-04-27 17:26:18,616 - MATILDA - INFO -  - lahman_2014.db (46.09 Mo)
2025-04-27 17:26:18,616 - MATILDA - INFO -  - PubMed_Diabetes.db (52.50 Mo)
2025-04-27 17:26:18,616 - MATILDA - INFO -  - financial.db (62.46 Mo)
2025-04-27 17:26:18,616 - MATILDA - INFO -  - ccs.db (63.55 Mo)
2025-04-27 17:26:18,616 - MATILDA - INFO -  - imdb_MovieLens.db (75.60 Mo)
2025-04-27 17:26:18,616 - MATILDA - INFO -  - tpcc.db (106.55 Mo)
2025-04-27 17:26:18,616 - MATILDA - INFO -  - Seznam.db (125.22 Mo)
2025-04-27 17:26:18,617 - MATILDA - INFO -  - FNHK.db (151.42 Mo)
2025-04-27 17:26:18,617 - MATILDA - INFO -  - ConsumerExpenditures.db (168.77 Mo)
2025-04-27 17:26:18,617 - MATILDA - INFO -  - Accidents.db (183.27 Mo)
2025-04-27 17:26:18,617 - MATILDA - INFO -  - VisualGenome.db (206.19 Mo)
2025-04-27 17:26:18,617 - MATILDA - INFO -  - legalActs.db (213.07 Mo)
2025-04-27 17:26:18,617 - MATILDA - INFO -  - SAP.db (221.25 Mo)
2025-04-27 17:26:18,617 - MATILDA - INFO -  - Walmart.db (222.84 Mo)
2025-04-27 17:26:18,617 - MATILDA - INFO -  - Credit.db (236.84 Mo)
2025-04-27 17:26:18,617 - MATILDA - INFO -  - Airline.db (250.11 Mo)
2025-04-27 17:26:18,617 - MATILDA - INFO -  - employee.db (286.21 Mo)
2025-04-27 17:26:18,618 - MATILDA - INFO -  - SalesDB.db (328.91 Mo)
2025-04-27 17:26:18,618 - MATILDA - INFO -  - tpch.db (373.57 Mo)
2025-04-27 17:26:18,618 - MATILDA - INFO -  - imdb_ijs.db (376.10 Mo)
2025-04-27 17:26:18,618 - MATILDA - INFO -  - stats.db (489.19 Mo)
2025-04-27 17:26:18,618 - MATILDA - INFO -  - tpcd.db (619.23 Mo)
2025-04-27 17:26:18,618 - MATILDA - INFO -  - Grants.db (1075.56 Mo)
2025-04-27 17:26:18,618 - MATILDA - INFO - [1/84] Analyse de walmart-db.db
2025-04-27 17:26:18,618 - MATILDA - INFO - Démarrage de la comparaison pour walmart-db.db
